2026-03-22 23:46:56,722  INFO      Log file : logs\2026-03-22_23-46-56.log
2026-03-22 23:46:56,723  INFO      ============================================================
2026-03-22 23:46:56,723  INFO        Econ Engineering Video Downloader  v2.2.0
2026-03-22 23:46:56,723  INFO      ============================================================
2026-03-22 23:46:56,723  INFO      Input        : list.csv
2026-03-22 23:46:56,724  INFO      Output       : C:\Users\ASUS\OneDrive\Desktop\script\downloaded_videos
2026-03-22 23:46:56,726  INFO      Progress file: rogress.json
2026-03-22 23:46:56,726  INFO      Log folder   : C:\Users\ASUS\OneDrive\Desktop\script\logs
2026-03-22 23:46:56,727  INFO      Python       : 3.12.2
2026-03-22 23:46:56,727  INFO      Filename key : Video ID (primary key)
2026-03-22 23:46:56,727  INFO      ------------------------------------------------------------
2026-03-22 23:46:56,728  INFO      requests   : OK  (v2.32.3)
2026-03-22 23:46:56,728  INFO      openpyxl   : OK  (v3.1.5)
2026-03-22 23:46:56,728  INFO      tqdm       : OK  (v4.67.1)
2026-03-22 23:46:57,017  INFO      yt_dlp     : OK  (v2026.03.17)
2026-03-22 23:46:57,017  INFO      ------------------------------------------------------------
2026-03-22 23:46:57,020  INFO      Found 3 video(s) in input file.
2026-03-22 23:46:57,022  INFO      State — Done:0 | Failed:0 | Pending:3 | Reset:0
2026-03-22 23:46:57,022  INFO      Remaining: 3 video(s)
2026-03-22 23:46:57,024  INFO      ============================================================
2026-03-22 23:46:57,041  INFO      --- (1 / 3) ---
2026-03-22 23:46:57,042  INFO      START [ID=1156438752] 5. PWC_Delhi_Background Visuals Energy transition v1.4
2026-03-22 23:46:57,042  INFO        URL      : https://player.vimeo.com/progressive_redirect/download/1156438752/rendition/2160p/5._pwc_delhi_background_visuals_energy_transition_v1.4%20%282160p%29.mp4?loc=external&signature=52782ba91ddb24881813b954fb3d6c7945da63785ce4dffc95562013c4c7262e&user_id=131817551
2026-03-22 23:46:57,042  INFO        Saving as: 1156438752.mp4
2026-03-22 23:48:44,459  WARNING     Attempt 1/5 — Connection error: HTTPSConnectionPool(host='download-video-ak.vimeocdn.com', port=443): Read timed out.
2026-03-22 23:48:44,460  WARNING     Retrying in 5s... (1/5)
2026-03-22 23:49:01,074  WARNING     Attempt 2/5 — Connection error: HTTPSConnectionPool(host='player.vimeo.com', port=443): Max retries exceeded with url: /progressive_redirect/download/1156438752/rendition/2160p/5._pwc_delhi_background_visuals_energy_transition_v1.4%20%282160p%29.mp4?loc=external&signature=52782ba91ddb24881813b954fb3d6c7945da63785ce4dffc95562013c4c7262e&user_id=131817551 (Caused by NameResolutionError("<urllib3.connection.HTTPSConnection object at 0x000001EFCBCD1220>: Failed to resolve 'player.vimeo.com' ([Errno 11001] getaddrinfo failed)"))
2026-03-22 23:49:01,087  WARNING     Retrying in 10s... (2/5)
2026-03-22 23:49:22,735  WARNING     Attempt 3/5 — Connection error: HTTPSConnectionPool(host='player.vimeo.com', port=443): Max retries exceeded with url: /progressive_redirect/download/1156438752/rendition/2160p/5._pwc_delhi_background_visuals_energy_transition_v1.4%20%282160p%29.mp4?loc=external&signature=52782ba91ddb24881813b954fb3d6c7945da63785ce4dffc95562013c4c7262e&user_id=131817551 (Caused by NameResolutionError("<urllib3.connection.HTTPSConnection object at 0x000001EFCBCD1D90>: Failed to resolve 'player.vimeo.com' ([Errno 11001] getaddrinfo failed)"))
2026-03-22 23:49:22,736  WARNING     Retrying in 15s... (3/5)
2026-03-22 23:49:49,349  WARNING     Attempt 4/5 — Connection error: HTTPSConnectionPool(host='player.vimeo.com', port=443): Max retries exceeded with url: /progressive_redirect/download/1156438752/rendition/2160p/5._pwc_delhi_background_visuals_energy_transition_v1.4%20%282160p%29.mp4?loc=external&signature=52782ba91ddb24881813b954fb3d6c7945da63785ce4dffc95562013c4c7262e&user_id=131817551 (Caused by NameResolutionError("<urllib3.connection.HTTPSConnection object at 0x000001EFCBCD2900>: Failed to resolve 'player.vimeo.com' ([Errno 11001] getaddrinfo failed)"))
2026-03-22 23:49:49,350  WARNING     Retrying in 20s... (4/5)
2026-03-22 23:50:31,565  WARNING     Attempt 5/5 — Timeout — no response within 60s
2026-03-22 23:50:31,566  ERROR     FAIL  [ID=1156438752] 5. PWC_Delhi_Background Visuals Energy transition v1.4 — Timeout — no response within 60s
2026-03-22 23:50:31,571  INFO      PROGRESS  1/3 (33.3%) | Done:0 Skipped:0 Failed:1 | ETA:7m 9s
2026-03-22 23:50:31,571  INFO      --- (2 / 3) ---
2026-03-22 23:50:31,572  INFO      START [ID=1156583498] DailyDispatch_002_Constance_1x1
2026-03-22 23:50:31,572  INFO        URL      : https://player.vimeo.com/progressive_redirect/download/1156583498/rendition/1080p/dailydispatch_002_constance_1x1%20%281080p%29.mp4?loc=external&signature=102de51fd7d9a7590bea89c8601b58f86068da2d723890fd74e001712230a09b&user_id=131817551
2026-03-22 23:50:31,572  INFO        Saving as: 1156583498.mp4
2026-03-22 23:50:39,335  WARNING     Attempt 1/5 — Connection error: HTTPSConnectionPool(host='player.vimeo.com', port=443): Max retries exceeded with url: /progressive_redirect/download/1156583498/rendition/1080p/dailydispatch_002_constance_1x1%20%281080p%29.mp4?loc=external&signature=102de51fd7d9a7590bea89c8601b58f86068da2d723890fd74e001712230a09b&user_id=131817551 (Caused by NameResolutionError("<urllib3.connection.HTTPSConnection object at 0x000001EFCBCD1640>: Failed to resolve 'player.vimeo.com' ([Errno 11001] getaddrinfo failed)"))
2026-03-22 23:50:39,336  WARNING     Retrying in 5s... (1/5)
2026-03-22 23:50:44,339  WARNING     Attempt 2/5 — Connection error: HTTPSConnectionPool(host='player.vimeo.com', port=443): Max retries exceeded with url: /progressive_redirect/download/1156583498/rendition/1080p/dailydispatch_002_constance_1x1%20%281080p%29.mp4?loc=external&signature=102de51fd7d9a7590bea89c8601b58f86068da2d723890fd74e001712230a09b&user_id=131817551 (Caused by NameResolutionError("<urllib3.connection.HTTPSConnection object at 0x000001EFCBCD0860>: Failed to resolve 'player.vimeo.com' ([Errno 11001] getaddrinfo failed)"))
2026-03-22 23:50:44,339  WARNING     Retrying in 10s... (2/5)
2026-03-22 23:51:26,225  WARNING     Attempt 3/5 — Connection error: ('Connection aborted.', RemoteDisconnected('Remote end closed connection without response'))
2026-03-22 23:51:26,226  WARNING     Retrying in 15s... (3/5)
2026-03-22 23:52:10,456  INFO      OK    [ID=1156583498] DailyDispatch_002_Constance_1x1
2026-03-22 23:52:10,459  INFO      PROGRESS  2/3 (66.7%) | Done:1 Skipped:0 Failed:1 | ETA:2m 36s
2026-03-22 23:52:10,460  INFO      --- (3 / 3) ---
2026-03-22 23:52:10,462  INFO      START [ID=115638752] 5. PWC_Delhi_Background Visuals Energy transition v1.4
2026-03-22 23:52:10,466  INFO        URL      : https://player.vimeo.com/progressive_redirect/download/1156438752/rendition/2160p/5._pwc_delhi_background_visuals_energy_transition_v1.4%20%282160p%29.mp4?loc=external&signature=52782ba91ddb24881813b954fb3d6c7945da63785ce4dffc955
2026-03-22 23:52:10,467  INFO        Saving as: 115638752.mp4
2026-03-22 23:52:11,125  ERROR       HTTP 403 — permanent failure, will not retry. Fix the URL or permissions and re-run.
2026-03-22 23:52:11,125  ERROR     FAIL  [ID=115638752] 5. PWC_Delhi_Background Visuals Energy transition v1.4 — HTTP 403 — permanent failure, will not retry. Fix the URL or permissions and re-run.
2026-03-22 23:52:11,130  INFO      PROGRESS  3/3 (100.0%) | Done:1 Skipped:0 Failed:2 | ETA:0s
2026-03-22 23:52:11,135  INFO      ============================================================
2026-03-22 23:52:11,136  INFO      DOWNLOAD COMPLETE — SUMMARY
2026-03-22 23:52:11,136  INFO      ============================================================
2026-03-22 23:52:11,136  INFO        Total      : 3
2026-03-22 23:52:11,137  INFO        Downloaded : 1
2026-03-22 23:52:11,137  INFO        Skipped    : 0
2026-03-22 23:52:11,137  INFO        Failed     : 2
2026-03-22 23:52:11,138  INFO        No URL     : 0
2026-03-22 23:52:11,138  INFO      ------------------------------------------------------------
2026-03-22 23:52:11,140  INFO        Output     : C:\Users\ASUS\OneDrive\Desktop\script\downloaded_videos
2026-03-22 23:52:11,141  INFO        Log file   : logs\2026-03-22_23-46-56.log
2026-03-22 23:52:11,141  INFO        Failed log : logs\failed.log
2026-03-22 23:52:11,141  INFO        To retry   : python download_videos.py --retry-failed
2026-03-22 23:52:11,143  INFO        Progress   : rogress.json
2026-03-22 23:52:11,143  INFO      ============================================================
